[INFO  - 2017-02-18T06:00:04.650Z] GhostDriver - Main - running on port 59164
[INFO  - 2017-02-18T06:00:05.185Z] Session [7e787ed0-f59f-11e6-b435-ab6ada0b6dd6] - page.settings - {"XSSAuditingEnabled":false,"javascriptCanCloseWindows":true,"javascriptCanOpenWindows":true,"javascriptEnabled":true,"loadImages":true,"localToRemoteUrlAccessEnabled":false,"userAgent":"Mozilla/5.0 (Macintosh; Intel Mac OS X) AppleWebKit/538.1 (KHTML, like Gecko) PhantomJS/2.1.1 Safari/538.1","webSecurityEnabled":true}
[INFO  - 2017-02-18T06:00:05.185Z] Session [7e787ed0-f59f-11e6-b435-ab6ada0b6dd6] - page.customHeaders:  - {}
[INFO  - 2017-02-18T06:00:05.185Z] Session [7e787ed0-f59f-11e6-b435-ab6ada0b6dd6] - Session.negotiatedCapabilities - {"browserName":"phantomjs","version":"2.1.1","driverName":"ghostdriver","driverVersion":"1.2.0","platform":"mac-unknown-64bit","javascriptEnabled":true,"takesScreenshot":true,"handlesAlerts":false,"databaseEnabled":false,"locationContextEnabled":false,"applicationCacheEnabled":false,"browserConnectionEnabled":false,"cssSelectorsEnabled":true,"webStorageEnabled":false,"rotatable":false,"acceptSslCerts":false,"nativeEvents":true,"proxy":{"proxyType":"direct"}}
[INFO  - 2017-02-18T06:00:05.185Z] SessionManagerReqHand - _postNewSessionCommand - New Session Created: 7e787ed0-f59f-11e6-b435-ab6ada0b6dd6
[ERROR - 2017-02-18T06:00:07.560Z] Session [7e787ed0-f59f-11e6-b435-ab6ada0b6dd6] - page.onError - msg: NETWORK_ERR: XMLHttpRequest Exception 101: A network error occurred in synchronous requests.

  phantomjs://platform/console++.js:263 in error
[ERROR - 2017-02-18T06:00:07.561Z] Session [7e787ed0-f59f-11e6-b435-ab6ada0b6dd6] - page.onError - stack:
  send (https://web-cdn.ttvnw.net/global-81ce637f90dd4e2148396fe1433ecbbf.js:16)
  isExtensionInstalled_ (https://web-cdn.ttvnw.net/global-81ce637f90dd4e2148396fe1433ecbbf.js:16)
  findInstalledExtensionHelper_ (https://web-cdn.ttvnw.net/global-81ce637f90dd4e2148396fe1433ecbbf.js:16)
  (anonymous function) (https://web-cdn.ttvnw.net/global-81ce637f90dd4e2148396fe1433ecbbf.js:16)
  onerror (https://web-cdn.ttvnw.net/global-81ce637f90dd4e2148396fe1433ecbbf.js:16)
  send (:0)
  isExtensionInstalled_ (https://web-cdn.ttvnw.net/global-81ce637f90dd4e2148396fe1433ecbbf.js:16)
  findInstalledExtensionHelper_ (https://web-cdn.ttvnw.net/global-81ce637f90dd4e2148396fe1433ecbbf.js:16)
  (anonymous function) (https://web-cdn.ttvnw.net/global-81ce637f90dd4e2148396fe1433ecbbf.js:16)
  onerror (https://web-cdn.ttvnw.net/global-81ce637f90dd4e2148396fe1433ecbbf.js:16)
  send (:0)
  isExtensionInstalled_ (https://web-cdn.ttvnw.net/global-81ce637f90dd4e2148396fe1433ecbbf.js:16)
  findInstalledExtensionHelper_ (https://web-cdn.ttvnw.net/global-81ce637f90dd4e2148396fe1433ecbbf.js:16)
  (anonymous function) (https://web-cdn.ttvnw.net/global-81ce637f90dd4e2148396fe1433ecbbf.js:16)
  onerror (https://web-cdn.ttvnw.net/global-81ce637f90dd4e2148396fe1433ecbbf.js:16)
  send (:0)
  isExtensionInstalled_ (https://web-cdn.ttvnw.net/global-81ce637f90dd4e2148396fe1433ecbbf.js:16)
  findInstalledExtensionHelper_ (https://web-cdn.ttvnw.net/global-81ce637f90dd4e2148396fe1433ecbbf.js:16)
  (anonymous function) (https://web-cdn.ttvnw.net/global-81ce637f90dd4e2148396fe1433ecbbf.js:16)
  onerror (https://web-cdn.ttvnw.net/global-81ce637f90dd4e2148396fe1433ecbbf.js:16)
  send (:0)
  isExtensionInstalled_ (https://web-cdn.ttvnw.net/global-81ce637f90dd4e2148396fe1433ecbbf.js:16)
  findInstalledExtensionHelper_ (https://web-cdn.ttvnw.net/global-81ce637f90dd4e2148396fe1433ecbbf.js:16)
  findInstalledExtension_ (https://web-cdn.ttvnw.net/global-81ce637f90dd4e2148396fe1433ecbbf.js:16)
  (anonymous function) (https://web-cdn.ttvnw.net/global-81ce637f90dd4e2148396fe1433ecbbf.js:16)

  phantomjs://platform/console++.js:263 in error
[ERROR - 2017-02-18T06:00:07.561Z] Session [7e787ed0-f59f-11e6-b435-ab6ada0b6dd6] - page.onError - msg: NETWORK_ERR: XMLHttpRequest Exception 101: A network error occurred in synchronous requests.

  phantomjs://platform/console++.js:263 in error
[ERROR - 2017-02-18T06:00:07.561Z] Session [7e787ed0-f59f-11e6-b435-ab6ada0b6dd6] - page.onError - stack:
  send (https://web-cdn.ttvnw.net/global-81ce637f90dd4e2148396fe1433ecbbf.js:16)
  isExtensionInstalled_ (https://web-cdn.ttvnw.net/global-81ce637f90dd4e2148396fe1433ecbbf.js:16)
  findInstalledExtensionHelper_ (https://web-cdn.ttvnw.net/global-81ce637f90dd4e2148396fe1433ecbbf.js:16)
  (anonymous function) (https://web-cdn.ttvnw.net/global-81ce637f90dd4e2148396fe1433ecbbf.js:16)
  onerror (https://web-cdn.ttvnw.net/global-81ce637f90dd4e2148396fe1433ecbbf.js:16)
  send (:0)
  isExtensionInstalled_ (https://web-cdn.ttvnw.net/global-81ce637f90dd4e2148396fe1433ecbbf.js:16)
  findInstalledExtensionHelper_ (https://web-cdn.ttvnw.net/global-81ce637f90dd4e2148396fe1433ecbbf.js:16)
  (anonymous function) (https://web-cdn.ttvnw.net/global-81ce637f90dd4e2148396fe1433ecbbf.js:16)
  onerror (https://web-cdn.ttvnw.net/global-81ce637f90dd4e2148396fe1433ecbbf.js:16)
  send (:0)
  isExtensionInstalled_ (https://web-cdn.ttvnw.net/global-81ce637f90dd4e2148396fe1433ecbbf.js:16)
  findInstalledExtensionHelper_ (https://web-cdn.ttvnw.net/global-81ce637f90dd4e2148396fe1433ecbbf.js:16)
  (anonymous function) (https://web-cdn.ttvnw.net/global-81ce637f90dd4e2148396fe1433ecbbf.js:16)
  onerror (https://web-cdn.ttvnw.net/global-81ce637f90dd4e2148396fe1433ecbbf.js:16)
  send (:0)
  isExtensionInstalled_ (https://web-cdn.ttvnw.net/global-81ce637f90dd4e2148396fe1433ecbbf.js:16)
  findInstalledExtensionHelper_ (https://web-cdn.ttvnw.net/global-81ce637f90dd4e2148396fe1433ecbbf.js:16)
  findInstalledExtension_ (https://web-cdn.ttvnw.net/global-81ce637f90dd4e2148396fe1433ecbbf.js:16)
  (anonymous function) (https://web-cdn.ttvnw.net/global-81ce637f90dd4e2148396fe1433ecbbf.js:16)

  phantomjs://platform/console++.js:263 in error
[ERROR - 2017-02-18T06:00:07.562Z] Session [7e787ed0-f59f-11e6-b435-ab6ada0b6dd6] - page.onError - msg: NETWORK_ERR: XMLHttpRequest Exception 101: A network error occurred in synchronous requests.

  phantomjs://platform/console++.js:263 in error
[ERROR - 2017-02-18T06:00:07.562Z] Session [7e787ed0-f59f-11e6-b435-ab6ada0b6dd6] - page.onError - stack:
  send (https://web-cdn.ttvnw.net/global-81ce637f90dd4e2148396fe1433ecbbf.js:16)
  isExtensionInstalled_ (https://web-cdn.ttvnw.net/global-81ce637f90dd4e2148396fe1433ecbbf.js:16)
  findInstalledExtensionHelper_ (https://web-cdn.ttvnw.net/global-81ce637f90dd4e2148396fe1433ecbbf.js:16)
  (anonymous function) (https://web-cdn.ttvnw.net/global-81ce637f90dd4e2148396fe1433ecbbf.js:16)
  onerror (https://web-cdn.ttvnw.net/global-81ce637f90dd4e2148396fe1433ecbbf.js:16)
  send (:0)
  isExtensionInstalled_ (https://web-cdn.ttvnw.net/global-81ce637f90dd4e2148396fe1433ecbbf.js:16)
  findInstalledExtensionHelper_ (https://web-cdn.ttvnw.net/global-81ce637f90dd4e2148396fe1433ecbbf.js:16)
  (anonymous function) (https://web-cdn.ttvnw.net/global-81ce637f90dd4e2148396fe1433ecbbf.js:16)
  onerror (https://web-cdn.ttvnw.net/global-81ce637f90dd4e2148396fe1433ecbbf.js:16)
  send (:0)
  isExtensionInstalled_ (https://web-cdn.ttvnw.net/global-81ce637f90dd4e2148396fe1433ecbbf.js:16)
  findInstalledExtensionHelper_ (https://web-cdn.ttvnw.net/global-81ce637f90dd4e2148396fe1433ecbbf.js:16)
  findInstalledExtension_ (https://web-cdn.ttvnw.net/global-81ce637f90dd4e2148396fe1433ecbbf.js:16)
  (anonymous function) (https://web-cdn.ttvnw.net/global-81ce637f90dd4e2148396fe1433ecbbf.js:16)

  phantomjs://platform/console++.js:263 in error
[ERROR - 2017-02-18T06:00:07.562Z] Session [7e787ed0-f59f-11e6-b435-ab6ada0b6dd6] - page.onError - msg: NETWORK_ERR: XMLHttpRequest Exception 101: A network error occurred in synchronous requests.

  phantomjs://platform/console++.js:263 in error
[ERROR - 2017-02-18T06:00:07.563Z] Session [7e787ed0-f59f-11e6-b435-ab6ada0b6dd6] - page.onError - stack:
  send (https://web-cdn.ttvnw.net/global-81ce637f90dd4e2148396fe1433ecbbf.js:16)
  isExtensionInstalled_ (https://web-cdn.ttvnw.net/global-81ce637f90dd4e2148396fe1433ecbbf.js:16)
  findInstalledExtensionHelper_ (https://web-cdn.ttvnw.net/global-81ce637f90dd4e2148396fe1433ecbbf.js:16)
  (anonymous function) (https://web-cdn.ttvnw.net/global-81ce637f90dd4e2148396fe1433ecbbf.js:16)
  onerror (https://web-cdn.ttvnw.net/global-81ce637f90dd4e2148396fe1433ecbbf.js:16)
  send (:0)
  isExtensionInstalled_ (https://web-cdn.ttvnw.net/global-81ce637f90dd4e2148396fe1433ecbbf.js:16)
  findInstalledExtensionHelper_ (https://web-cdn.ttvnw.net/global-81ce637f90dd4e2148396fe1433ecbbf.js:16)
  findInstalledExtension_ (https://web-cdn.ttvnw.net/global-81ce637f90dd4e2148396fe1433ecbbf.js:16)
  (anonymous function) (https://web-cdn.ttvnw.net/global-81ce637f90dd4e2148396fe1433ecbbf.js:16)

  phantomjs://platform/console++.js:263 in error
